# JRE version: OpenJDK Runtime Environment Temurin-21.0.9+10 (21.0.9+10) (build 21.0.9+10-LTS)
# Java VM: OpenJDK 64-Bit Server VM Temurin-21.0.9+10 (21.0.9+10-LTS, mixed mode, sharing, tiered, compressed oops, compressed class ptrs, parallel gc, windows-amd64)
GC Precious Log:
 CardTable entry size: 512
 CPUs: 4 total, 4 available
 Memory: 8101M
 Large Page Support: Disabled
 NUMA Support: Disabled
 Compressed Oops: Enabled (32-bit)
 Alignments: Space 512K, Generation 512K, Heap 2M
 Heap Min Capacity: 100M
 Heap Initial Capacity: 100M
 Heap Max Capacity: 2G
 Pre-touch: Disabled
 Parallel Workers: 4
Heap:
 PSYoungGen      total 11776K, used 2362K [0x00000000d5580000, 0x00000000d6300000, 0x0000000100000000)
  eden space 8192K, 21% used [0x00000000d5580000,0x00000000d573eb00,0x00000000d5d80000)
  from space 3584K, 16% used [0x00000000d5d80000,0x00000000d5e10000,0x00000000d6100000)
  to   space 1536K, 0% used [0x00000000d6180000,0x00000000d6180000,0x00000000d6300000)
 ParOldGen       total 1299456K, used 1298579K [0x0000000080000000, 0x00000000cf500000, 0x00000000d5580000)
  object space 1299456K, 99% used [0x0000000080000000,0x00000000cf424eb8,0x00000000cf500000)
 Metaspace       used 107761K, committed 109632K, reserved 1179648K
  class space    used 10708K, committed 11584K, reserved 1048576K
GC Heap History (20 events):
Event: 6462.020 GC heap before
{Heap before GC invocations=7344 (full 17):
 PSYoungGen      total 5120K, used 4572K [0x00000000d5580000, 0x00000000d5d00000, 0x0000000100000000)
  eden space 3584K, 100% used [0x00000000d5580000,0x00000000d5900000,0x00000000d5900000)
  from space 1536K, 64% used [0x00000000d5900000,0x00000000d59f7000,0x00000000d5a80000)
  to   space 1536K, 0% used [0x00000000d5b80000,0x00000000d5b80000,0x00000000d5d00000)
 ParOldGen       total 1252352K, used 1251215K [0x0000000080000000, 0x00000000cc700000, 0x00000000d5580000)
  object space 1252352K, 99% used [0x0000000080000000,0x00000000cc5e3ef0,0x00000000cc700000)
 Metaspace       used 107731K, committed 109632K, reserved 1179648K
  class space    used 10708K, committed 11584K, reserved 1048576K
}
Event: 6462.025 GC heap after
{Heap after GC invocations=7344 (full 17):
 PSYoungGen      total 6144K, used 1392K [0x00000000d5580000, 0x00000000d5d00000, 0x0000000100000000)
  eden space 4608K, 0% used [0x00000000d5580000,0x00000000d5580000,0x00000000d5a00000)
  from space 1536K, 90% used [0x00000000d5b80000,0x00000000d5cdc010,0x00000000d5d00000)
  to   space 1536K, 0% used [0x00000000d5a00000,0x00000000d5a00000,0x00000000d5b80000)
 ParOldGen       total 1252352K, used 1251895K [0x0000000080000000, 0x00000000cc700000, 0x00000000d5580000)
  object space 1252352K, 99% used [0x0000000080000000,0x00000000cc68df10,0x00000000cc700000)
 Metaspace       used 107731K, committed 109632K, reserved 1179648K
  class space    used 10708K, committed 11584K, reserved 1048576K
}
Event: 6462.192 GC heap before
{Heap before GC invocations=7345 (full 17):
 PSYoungGen      total 6144K, used 6000K [0x00000000d5580000, 0x00000000d5d00000, 0x0000000100000000)
  eden space 4608K, 100% used [0x00000000d5580000,0x00000000d5a00000,0x00000000d5a00000)
  from space 1536K, 90% used [0x00000000d5b80000,0x00000000d5cdc010,0x00000000d5d00000)
  to   space 1536K, 0% used [0x00000000d5a00000,0x00000000d5a00000,0x00000000d5b80000)
 ParOldGen       total 1252352K, used 1251895K [0x0000000080000000, 0x00000000cc700000, 0x00000000d5580000)
  object space 1252352K, 99% used [0x0000000080000000,0x00000000cc68df10,0x00000000cc700000)
 Metaspace       used 107731K, committed 109632K, reserved 1179648K
  class space    used 10708K, committed 11584K, reserved 1048576K
}
Event: 6462.198 GC heap after
{Heap after GC invocations=7345 (full 17):
 PSYoungGen      total 6144K, used 1536K [0x00000000d5580000, 0x00000000d6200000, 0x0000000100000000)
  eden space 4608K, 0% used [0x00000000d5580000,0x00000000d5580000,0x00000000d5a00000)
  from space 1536K, 100% used [0x00000000d5a00000,0x00000000d5b80000,0x00000000d5b80000)
  to   space 3584K, 0% used [0x00000000d5e80000,0x00000000d5e80000,0x00000000d6200000)
 ParOldGen       total 1253376K, used 1253207K [0x0000000080000000, 0x00000000cc800000, 0x00000000d5580000)
  object space 1253376K, 99% used [0x0000000080000000,0x00000000cc7d5f30,0x00000000cc800000)
 Metaspace       used 107731K, committed 109632K, reserved 1179648K
  class space    used 10708K, committed 11584K, reserved 1048576K
}
Event: 6462.359 GC heap before
{Heap before GC invocations=7346 (full 17):
 PSYoungGen      total 6144K, used 6144K [0x00000000d5580000, 0x00000000d6200000, 0x0000000100000000)
  eden space 4608K, 100% used [0x00000000d5580000,0x00000000d5a00000,0x00000000d5a00000)
  from space 1536K, 100% used [0x00000000d5a00000,0x00000000d5b80000,0x00000000d5b80000)
  to   space 3584K, 0% used [0x00000000d5e80000,0x00000000d5e80000,0x00000000d6200000)
 ParOldGen       total 1253376K, used 1253207K [0x0000000080000000, 0x00000000cc800000, 0x00000000d5580000)
  object space 1253376K, 99% used [0x0000000080000000,0x00000000cc7d5f30,0x00000000cc800000)
 Metaspace       used 107732K, committed 109632K, reserved 1179648K
  class space    used 10708K, committed 11584K, reserved 1048576K
}
Event: 6462.367 GC heap after
{Heap after GC invocations=7346 (full 17):
 PSYoungGen      total 7168K, used 1480K [0x00000000d5580000, 0x00000000d6000000, 0x0000000100000000)
  eden space 5632K, 0% used [0x00000000d5580000,0x00000000d5580000,0x00000000d5b00000)
  from space 1536K, 96% used [0x00000000d5e80000,0x00000000d5ff21b0,0x00000000d6000000)
  to   space 2048K, 0% used [0x00000000d5c00000,0x00000000d5c00000,0x00000000d5e00000)
 ParOldGen       total 1254912K, used 1254743K [0x0000000080000000, 0x00000000cc980000, 0x00000000d5580000)
  object space 1254912K, 99% used [0x0000000080000000,0x00000000cc955cf0,0x00000000cc980000)
 Metaspace       used 107732K, committed 109632K, reserved 1179648K
  class space    used 10708K, committed 11584K, reserved 1048576K
}
Event: 6462.394 GC heap before
{Heap before GC invocations=7347 (full 17):
 PSYoungGen      total 7168K, used 7112K [0x00000000d5580000, 0x00000000d6000000, 0x0000000100000000)
  eden space 5632K, 100% used [0x00000000d5580000,0x00000000d5b00000,0x00000000d5b00000)
  from space 1536K, 96% used [0x00000000d5e80000,0x00000000d5ff21b0,0x00000000d6000000)
  to   space 2048K, 0% used [0x00000000d5c00000,0x00000000d5c00000,0x00000000d5e00000)
 ParOldGen       total 1254912K, used 1254743K [0x0000000080000000, 0x00000000cc980000, 0x00000000d5580000)
  object space 1254912K, 99% used [0x0000000080000000,0x00000000cc955cf0,0x00000000cc980000)
 Metaspace       used 107732K, committed 109632K, reserved 1179648K
  class space    used 10708K, committed 11584K, reserved 1048576K
}
Event: 6462.404 GC heap after
{Heap after GC invocations=7347 (full 17):
 PSYoungGen      total 8704K, used 2048K [0x00000000d5580000, 0x00000000d6c80000, 0x0000000100000000)
  eden space 6656K, 0% used [0x00000000d5580000,0x00000000d5580000,0x00000000d5c00000)
  from space 2048K, 100% used [0x00000000d5c00000,0x00000000d5e00000,0x00000000d5e00000)
  to   space 8192K, 0% used [0x00000000d6480000,0x00000000d6480000,0x00000000d6c80000)
 ParOldGen       total 1260032K, used 1259681K [0x0000000080000000, 0x00000000cce80000, 0x00000000d5580000)
  object space 1260032K, 99% used [0x0000000080000000,0x00000000cce287a0,0x00000000cce80000)
 Metaspace       used 107732K, committed 109632K, reserved 1179648K
  class space    used 10708K, committed 11584K, reserved 1048576K
}
Event: 6462.435 GC heap before
{Heap before GC invocations=7348 (full 17):
 PSYoungGen      total 8704K, used 8704K [0x00000000d5580000, 0x00000000d6c80000, 0x0000000100000000)
  eden space 6656K, 100% used [0x00000000d5580000,0x00000000d5c00000,0x00000000d5c00000)
  from space 2048K, 100% used [0x00000000d5c00000,0x00000000d5e00000,0x00000000d5e00000)
  to   space 8192K, 0% used [0x00000000d6480000,0x00000000d6480000,0x00000000d6c80000)
 ParOldGen       total 1260032K, used 1259681K [0x0000000080000000, 0x00000000cce80000, 0x00000000d5580000)
  object space 1260032K, 99% used [0x0000000080000000,0x00000000cce287a0,0x00000000cce80000)
 Metaspace       used 107732K, committed 109632K, reserved 1179648K
  class space    used 10708K, committed 11584K, reserved 1048576K
}
Event: 6462.443 GC heap after
{Heap after GC invocations=7348 (full 17):
 PSYoungGen      total 10752K, used 2516K [0x00000000d5580000, 0x00000000d6700000, 0x0000000100000000)
  eden space 8192K, 0% used [0x00000000d5580000,0x00000000d5580000,0x00000000d5d80000)
  from space 2560K, 98% used [0x00000000d6480000,0x00000000d66f5200,0x00000000d6700000)
  to   space 4608K, 0% used [0x00000000d5e00000,0x00000000d5e00000,0x00000000d6280000)
 ParOldGen       total 1262080K, used 1261753K [0x0000000080000000, 0x00000000cd080000, 0x00000000d5580000)
  object space 1262080K, 99% used [0x0000000080000000,0x00000000cd02e7a0,0x00000000cd080000)
 Metaspace       used 107732K, committed 109632K, reserved 1179648K
  class space    used 10708K, committed 11584K, reserved 1048576K
}
Event: 6462.485 GC heap before
{Heap before GC invocations=7349 (full 17):
 PSYoungGen      total 10752K, used 10708K [0x00000000d5580000, 0x00000000d6700000, 0x0000000100000000)
  eden space 8192K, 100% used [0x00000000d5580000,0x00000000d5d80000,0x00000000d5d80000)
  from space 2560K, 98% used [0x00000000d6480000,0x00000000d66f5200,0x00000000d6700000)
  to   space 4608K, 0% used [0x00000000d5e00000,0x00000000d5e00000,0x00000000d6280000)
 ParOldGen       total 1262080K, used 1261753K [0x0000000080000000, 0x00000000cd080000, 0x00000000d5580000)
  object space 1262080K, 99% used [0x0000000080000000,0x00000000cd02e7a0,0x00000000cd080000)
 Metaspace       used 107732K, committed 109632K, reserved 1179648K
  class space    used 10708K, committed 11584K, reserved 1048576K
}
Event: 6462.491 GC heap after
{Heap after GC invocations=7349 (full 17):
 PSYoungGen      total 12800K, used 832K [0x00000000d5580000, 0x00000000d6500000, 0x0000000100000000)
  eden space 8192K, 0% used [0x00000000d5580000,0x00000000d5580000,0x00000000d5d80000)
  from space 4608K, 18% used [0x00000000d5e00000,0x00000000d5ed0000,0x00000000d6280000)
  to   space 2048K, 0% used [0x00000000d6300000,0x00000000d6300000,0x00000000d6500000)
 ParOldGen       total 1264640K, used 1264215K [0x0000000080000000, 0x00000000cd300000, 0x00000000d5580000)
  object space 1264640K, 99% used [0x0000000080000000,0x00000000cd295c60,0x00000000cd300000)
 Metaspace       used 107732K, committed 109632K, reserved 1179648K
  class space    used 10708K, committed 11584K, reserved 1048576K
}
Event: 6462.910 GC heap before
{Heap before GC invocations=7350 (full 17):
 PSYoungGen      total 12800K, used 9024K [0x00000000d5580000, 0x00000000d6500000, 0x0000000100000000)
  eden space 8192K, 100% used [0x00000000d5580000,0x00000000d5d80000,0x00000000d5d80000)
  from space 4608K, 18% used [0x00000000d5e00000,0x00000000d5ed0000,0x00000000d6280000)
  to   space 2048K, 0% used [0x00000000d6300000,0x00000000d6300000,0x00000000d6500000)
 ParOldGen       total 1264640K, used 1264215K [0x0000000080000000, 0x00000000cd300000, 0x00000000d5580000)
  object space 1264640K, 99% used [0x0000000080000000,0x00000000cd295c60,0x00000000cd300000)
 Metaspace       used 107732K, committed 109632K, reserved 1179648K
  class space    used 10708K, committed 11584K, reserved 1048576K
}
Event: 6462.917 GC heap after
{Heap after GC invocations=7350 (full 17):
 PSYoungGen      total 9216K, used 954K [0x00000000d5580000, 0x00000000d6400000, 0x0000000100000000)
  eden space 8192K, 0% used [0x00000000d5580000,0x00000000d5580000,0x00000000d5d80000)
  from space 1024K, 93% used [0x00000000d6300000,0x00000000d63ee900,0x00000000d6400000)
  to   space 1536K, 0% used [0x00000000d6100000,0x00000000d6100000,0x00000000d6280000)
 ParOldGen       total 1265152K, used 1264935K [0x0000000080000000, 0x00000000cd380000, 0x00000000d5580000)
  object space 1265152K, 99% used [0x0000000080000000,0x00000000cd349ca0,0x00000000cd380000)
 Metaspace       used 107732K, committed 109632K, reserved 1179648K
  class space    used 10708K, committed 11584K, reserved 1048576K
}
Event: 6462.941 GC heap before
{Heap before GC invocations=7351 (full 17):
 PSYoungGen      total 9216K, used 9146K [0x00000000d5580000, 0x00000000d6400000, 0x0000000100000000)
  eden space 8192K, 100% used [0x00000000d5580000,0x00000000d5d80000,0x00000000d5d80000)
  from space 1024K, 93% used [0x00000000d6300000,0x00000000d63ee900,0x00000000d6400000)
  to   space 1536K, 0% used [0x00000000d6100000,0x00000000d6100000,0x00000000d6280000)
 ParOldGen       total 1265152K, used 1264935K [0x0000000080000000, 0x00000000cd380000, 0x00000000d5580000)
  object space 1265152K, 99% used [0x0000000080000000,0x00000000cd349ca0,0x00000000cd380000)
 Metaspace       used 107732K, committed 109632K, reserved 1179648K
  class space    used 10708K, committed 11584K, reserved 1048576K
}
Event: 6462.947 GC heap after
{Heap after GC invocations=7351 (full 17):
 PSYoungGen      total 9728K, used 954K [0x00000000d5580000, 0x00000000d6380000, 0x0000000100000000)
  eden space 8192K, 0% used [0x00000000d5580000,0x00000000d5580000,0x00000000d5d80000)
  from space 1536K, 62% used [0x00000000d6100000,0x00000000d61ee900,0x00000000d6280000)
  to   space 1024K, 0% used [0x00000000d6280000,0x00000000d6280000,0x00000000d6380000)
 ParOldGen       total 1266176K, used 1265808K [0x0000000080000000, 0x00000000cd480000, 0x00000000d5580000)
  object space 1266176K, 99% used [0x0000000080000000,0x00000000cd4242a0,0x00000000cd480000)
 Metaspace       used 107732K, committed 109632K, reserved 1179648K
  class space    used 10708K, committed 11584K, reserved 1048576K
}
Event: 6463.424 GC heap before
{Heap before GC invocations=7352 (full 17):
 PSYoungGen      total 9728K, used 9076K [0x00000000d5580000, 0x00000000d6380000, 0x0000000100000000)
  eden space 8192K, 99% used [0x00000000d5580000,0x00000000d5d6ea88,0x00000000d5d80000)
  from space 1536K, 62% used [0x00000000d6100000,0x00000000d61ee900,0x00000000d6280000)
  to   space 1024K, 0% used [0x00000000d6280000,0x00000000d6280000,0x00000000d6380000)
 ParOldGen       total 1266176K, used 1265808K [0x0000000080000000, 0x00000000cd480000, 0x00000000d5580000)
  object space 1266176K, 99% used [0x0000000080000000,0x00000000cd4242a0,0x00000000cd480000)
 Metaspace       used 107734K, committed 109632K, reserved 1179648K
  class space    used 10708K, committed 11584K, reserved 1048576K
}
Event: 6463.429 GC heap after
{Heap after GC invocations=7352 (full 17):
 PSYoungGen      total 9216K, used 1009K [0x00000000d5580000, 0x00000000d6480000, 0x0000000100000000)
  eden space 8192K, 0% used [0x00000000d5580000,0x00000000d5580000,0x00000000d5d80000)
  from space 1024K, 98% used [0x00000000d6280000,0x00000000d637c588,0x00000000d6380000)
  to   space 3584K, 0% used [0x00000000d5d80000,0x00000000d5d80000,0x00000000d6100000)
 ParOldGen       total 1267712K, used 1267686K [0x0000000080000000, 0x00000000cd600000, 0x00000000d5580000)
  object space 1267712K, 99% used [0x0000000080000000,0x00000000cd5f9aa8,0x00000000cd600000)
 Metaspace       used 107734K, committed 109632K, reserved 1179648K
  class space    used 10708K, committed 11584K, reserved 1048576K
}
Event: 44853.817 GC heap before
{Heap before GC invocations=7353 (full 17):
 PSYoungGen      total 9216K, used 9201K [0x00000000d5580000, 0x00000000d6480000, 0x0000000100000000)
  eden space 8192K, 100% used [0x00000000d5580000,0x00000000d5d80000,0x00000000d5d80000)
  from space 1024K, 98% used [0x00000000d6280000,0x00000000d637c588,0x00000000d6380000)
  to   space 3584K, 0% used [0x00000000d5d80000,0x00000000d5d80000,0x00000000d6100000)
 ParOldGen       total 1299456K, used 1298406K [0x0000000080000000, 0x00000000cf500000, 0x00000000d5580000)
  object space 1299456K, 99% used [0x0000000080000000,0x00000000cf3f9ad8,0x00000000cf500000)
 Metaspace       used 107737K, committed 109632K, reserved 1179648K
  class space    used 10708K, committed 11584K, reserved 1048576K
}
Event: 44853.864 GC heap after
{Heap after GC invocations=7353 (full 17):
 PSYoungGen      total 11776K, used 576K [0x00000000d5580000, 0x00000000d6300000, 0x0000000100000000)
  eden space 8192K, 0% used [0x00000000d5580000,0x00000000d5580000,0x00000000d5d80000)
  from space 3584K, 16% used [0x00000000d5d80000,0x00000000d5e10000,0x00000000d6100000)
  to   space 1536K, 0% used [0x00000000d6180000,0x00000000d6180000,0x00000000d6300000)
 ParOldGen       total 1299456K, used 1298579K [0x0000000080000000, 0x00000000cf500000, 0x00000000d5580000)
  object space 1299456K, 99% used [0x0000000080000000,0x00000000cf424eb8,0x00000000cf500000)
 Metaspace       used 107737K, committed 109632K, reserved 1179648K
  class space    used 10708K, committed 11584K, reserved 1048576K
}

